[INFO] [1774609715.716217356] [trajectory_metrics_node]: TrajectoryMetricsNode ready
  stage: unicycle
  camera_gps_topic: /environment/GPS/GPSSDT/odom
  ambulance_gps_topic: /environment/GPS/GPSSDTAMBULANCE/odom
  estimation_topic: /unicycle_kf/tracks
  target_track_id: 1
  output_dir: /home/isarlab/ros2_humble/metrics_output/scenario_01_units_fix_v2/accelerated_right/scenario_01_units_fix_v2_unicycle
  max_abs_pose_m: 10000.0
  max_abs_estimate_m: 10000.0
  max_abs_error_m: 10000.0
[WARN] [1774609715.734476937] [trajectory_metrics_node]: Scarto camera odom non plausibile: x=-1.6204833968840926e-21, y=-1.3957831810623817e+20
[WARN] [1774609715.821097968] [trajectory_metrics_node]: Scarto camera odom non plausibile: x=-1.6204833968840926e-21, y=-1.3957831810623817e+20
[INFO] [1774609715.945962019] [trajectory_metrics_node]: GT inizializzata: first_gt_rel_cam = [95.942, 10.099]
[WARN] [1774609716.022983798] [trajectory_metrics_node]: Scarto camera odom non plausibile: x=-1.6204833968840926e-21, y=-1.3957831810623817e+20
[WARN] [1774609716.571782952] [trajectory_metrics_node]: Scarto camera odom non plausibile: x=-1.6204833968840926e-21, y=-1.3957831810623817e+20
[WARN] [1774609716.638347701] [trajectory_metrics_node]: Scarto ambulance odom non plausibile: x=-4.114077625751704e+34, y=-1.8044418030322774e-40
[WARN] [1774609716.640584091] [trajectory_metrics_node]: Scarto camera odom non plausibile: x=-1.6204833968840926e-21, y=-1.3957831810623817e+20
[WARN] [1774609716.728143923] [trajectory_metrics_node]: Scarto camera odom non plausibile: x=-1.6204833968840926e-21, y=-1.3957831810623817e+20
[WARN] [1774609717.230128470] [trajectory_metrics_node]: Scarto camera odom non plausibile: x=-1.6204833968840926e-21, y=-1.3957831810623817e+20
[WARN] [1774609717.431839883] [trajectory_metrics_node]: Scarto camera odom non plausibile: x=-1.6204833968840926e-21, y=-1.3957831810623817e+20
[WARN] [1774609717.537933041] [trajectory_metrics_node]: Scarto camera odom non plausibile: x=-1.6204833968840926e-21, y=-1.3957831810623817e+20
[WARN] [1774609717.628689569] [trajectory_metrics_node]: Scarto camera odom non plausibile: x=-1.6204833968840926e-21, y=-1.3957831810623817e+20
[WARN] [1774609717.875370773] [trajectory_metrics_node]: Scarto camera odom non plausibile: x=-1.6204833968840926e-21, y=-1.3957831810623817e+20
[INFO] [1774609717.967952006] [trajectory_metrics_node]: Primo campione stima per target 1: [3.923, -0.796]
[WARN] [1774609718.071121950] [trajectory_metrics_node]: Scarto ambulance odom non plausibile: x=-4.114077625751704e+34, y=-1.8044418030322774e-40
[WARN] [1774609718.073915058] [trajectory_metrics_node]: Scarto camera odom non plausibile: x=-1.6204833968840926e-21, y=-1.3957831810623817e+20
[WARN] [1774609718.232425308] [trajectory_metrics_node]: Scarto camera odom non plausibile: x=-1.6204833968840926e-21, y=-1.3957831810623817e+20
[WARN] [1774609718.321912881] [trajectory_metrics_node]: Scarto camera odom non plausibile: x=-1.6204833968840926e-21, y=-1.3957831810623817e+20
[WARN] [1774609719.029832867] [trajectory_metrics_node]: Scarto camera odom non plausibile: x=-1.6204833968840926e-21, y=-1.3957831810623817e+20
[WARN] [1774609719.366867029] [trajectory_metrics_node]: Scarto ambulance odom non plausibile: x=-4.1145529947267896e+34, y=-1.8044418030322774e-40
[WARN] [1774609719.369294428] [trajectory_metrics_node]: Scarto camera odom non plausibile: x=-1.6204833968840926e-21, y=-1.3957831810623817e+20
[WARN] [1774609719.448432035] [trajectory_metrics_node]: Scarto ambulance odom non plausibile: x=-4.114552677814139e+34, y=-1.8044418030322774e-40
[WARN] [1774609719.450885693] [trajectory_metrics_node]: Scarto camera odom non plausibile: x=-1.6204833968840926e-21, y=-1.3957831810623817e+20
[WARN] [1774609719.532114939] [trajectory_metrics_node]: Scarto camera odom non plausibile: x=-1.6204833968840926e-21, y=-1.3957831810623817e+20
[WARN] [1774609719.638838081] [trajectory_metrics_node]: Scarto camera odom non plausibile: x=-1.6204833968840926e-21, y=-1.3957831810623817e+20
[WARN] [1774609719.729891899] [trajectory_metrics_node]: Scarto camera odom non plausibile: x=-1.6204833968840926e-21, y=-1.3957831810623817e+20
[WARN] [1774609720.727896219] [trajectory_metrics_node]: Scarto camera odom non plausibile: x=-1.6204833968840926e-21, y=-1.3957831810623817e+20
[WARN] [1774609720.928075470] [trajectory_metrics_node]: Scarto camera odom non plausibile: x=-1.6204833968840926e-21, y=-1.3957831810623817e+20
[WARN] [1774609723.957253977] [trajectory_metrics_node]: Scarto ambulance odom non plausibile: x=-4.1142741115947392e+34, y=-1.8044418030322774e-40
[WARN] [1774609723.960446991] [trajectory_metrics_node]: Scarto camera odom non plausibile: x=-1.6204833968840926e-21, y=-1.3957831810623817e+20
[WARN] [1774609724.046820302] [trajectory_metrics_node]: Scarto ambulance odom non plausibile: x=-4.1142728439441388e+34, y=-1.8044418030322774e-40
[WARN] [1774609724.049156692] [trajectory_metrics_node]: Scarto camera odom non plausibile: x=-1.6204833968840926e-21, y=-1.3957831810623817e+20
[WARN] [1774609724.127268780] [trajectory_metrics_node]: Scarto camera odom non plausibile: x=-1.6204833968840926e-21, y=-1.3957831810623817e+20
[WARN] [1774609724.226605541] [trajectory_metrics_node]: Scarto camera odom non plausibile: x=-1.6204833968840926e-21, y=-1.3957831810623817e+20
[WARN] [1774609724.533641068] [trajectory_metrics_node]: Scarto camera odom non plausibile: x=-1.6204833968840926e-21, y=-1.3957831810623817e+20
[WARN] [1774609724.622909987] [trajectory_metrics_node]: Scarto camera odom non plausibile: x=-1.6204833968840926e-21, y=-1.3957831810623817e+20
[WARN] [1774609728.650262973] [trajectory_metrics_node]: Scarto ambulance odom non plausibile: x=-4.1142145320165284e+34, y=-1.8044418030322774e-40
[WARN] [1774609728.652635003] [trajectory_metrics_node]: Scarto camera odom non plausibile: x=-1.6204833968840926e-21, y=-1.3957831810623817e+20
[WARN] [1774609728.737980087] [trajectory_metrics_node]: Scarto camera odom non plausibile: x=-1.6204833968840926e-21, y=-1.3957831810623817e+20
[WARN] [1774609728.823842394] [trajectory_metrics_node]: Scarto camera odom non plausibile: x=-1.6204833968840926e-21, y=-1.3957831810623817e+20
[WARN] [1774609728.924276355] [trajectory_metrics_node]: Scarto camera odom non plausibile: x=-1.6204833968840926e-21, y=-1.3957831810623817e+20
[WARN] [1774609729.227975183] [trajectory_metrics_node]: Scarto camera odom non plausibile: x=-1.6204833968840926e-21, y=-1.3957831810623817e+20
[WARN] [1774609729.930392363] [trajectory_metrics_node]: Scarto camera odom non plausibile: x=-1.6204833968840926e-21, y=-1.3957831810623817e+20
[WARN] [1774609730.035891619] [trajectory_metrics_node]: Scarto ambulance odom non plausibile: x=-4.1141964679954754e+34, y=-1.8044418030322774e-40
[WARN] [1774609730.042807205] [trajectory_metrics_node]: Scarto camera odom non plausibile: x=-1.6204833968840926e-21, y=-1.3957831810623817e+20
[WARN] [1774609730.122693670] [trajectory_metrics_node]: Scarto camera odom non plausibile: x=-1.6204833968840926e-21, y=-1.3957831810623817e+20
[WARN] [1774609731.023265582] [trajectory_metrics_node]: Scarto camera odom non plausibile: x=-1.6204833968840926e-21, y=-1.3957831810623817e+20
[WARN] [1774609731.223248020] [trajectory_metrics_node]: Scarto camera odom non plausibile: x=-1.6204833968840926e-21, y=-1.3957831810623817e+20
[WARN] [1774609731.927844770] [trajectory_metrics_node]: Scarto camera odom non plausibile: x=-1.6204833968840926e-21, y=-1.3957831810623817e+20
[WARN] [1774609733.237205514] [trajectory_metrics_node]: Scarto ambulance odom non plausibile: x=-4.114156220088918e+34, y=-1.8044418030322774e-40
[WARN] [1774609733.239760286] [trajectory_metrics_node]: Scarto camera odom non plausibile: x=-1.6204833968840926e-21, y=-1.3957831810623817e+20
[WARN] [1774609733.336533673] [trajectory_metrics_node]: Scarto camera odom non plausibile: x=-1.6204833968840926e-21, y=-1.3957831810623817e+20
[WARN] [1774609733.437073217] [trajectory_metrics_node]: Scarto camera odom non plausibile: x=-1.6204833968840926e-21, y=-1.3957831810623817e+20
[WARN] [1774609733.565228244] [trajectory_metrics_node]: Scarto camera odom non plausibile: x=-1.6204833968840926e-21, y=-1.3957831810623817e+20
[WARN] [1774609733.639296029] [trajectory_metrics_node]: Scarto camera odom non plausibile: x=-1.6204833968840926e-21, y=-1.3957831810623817e+20
[WARN] [1774609733.722385046] [trajectory_metrics_node]: Scarto camera odom non plausibile: x=-1.6204833968840926e-21, y=-1.3957831810623817e+20
[WARN] [1774609734.229214339] [trajectory_metrics_node]: Scarto camera odom non plausibile: x=-1.6204833968840926e-21, y=-1.3957831810623817e+20
[WARN] [1774609734.626999672] [trajectory_metrics_node]: Scarto camera odom non plausibile: x=-1.6204833968840926e-21, y=-1.3957831810623817e+20
[WARN] [1774609735.431355777] [trajectory_metrics_node]: Scarto camera odom non plausibile: x=-1.6204833968840926e-21, y=-1.3957831810623817e+20
[WARN] [1774609735.530790187] [trajectory_metrics_node]: Scarto camera odom non plausibile: x=-1.6204833968840926e-21, y=-1.3957831810623817e+20
[WARN] [1774609735.730226801] [trajectory_metrics_node]: Scarto camera odom non plausibile: x=-1.6204833968840926e-21, y=-1.3957831810623817e+20
[WARN] [1774609736.324816082] [trajectory_metrics_node]: Scarto camera odom non plausibile: x=-1.6204833968840926e-21, y=-1.3957831810623817e+20
[WARN] [1774609737.865398339] [trajectory_metrics_node]: Scarto ambulance odom non plausibile: x=1.357093192469811e-27, y=-5.316609648471509e+34
[INFO] [1774609737.880558638] [trajectory_metrics_node]: Rotazione iniziale GT->stima fissata: -47.13 deg
[WARN] [1774609737.954373737] [trajectory_metrics_node]: Scarto camera odom non plausibile: x=-1.6204833968840926e-21, y=-1.3957831810623817e+20
[WARN] [1774609738.036835759] [trajectory_metrics_node]: Scarto camera odom non plausibile: x=-1.6204833968840926e-21, y=-1.3957831810623817e+20
[WARN] [1774609738.130130184] [trajectory_metrics_node]: Scarto camera odom non plausibile: x=-1.6204833968840926e-21, y=-1.3957831810623817e+20
[WARN] [1774609738.828057785] [trajectory_metrics_node]: Scarto camera odom non plausibile: x=-1.6204833968840926e-21, y=-1.3957831810623817e+20
[WARN] [1774609739.127918428] [trajectory_metrics_node]: Scarto camera odom non plausibile: x=-1.6204833968840926e-21, y=-1.3957831810623817e+20
[WARN] [1774609739.324485745] [trajectory_metrics_node]: Scarto camera odom non plausibile: x=-1.6204833968840926e-21, y=-1.3957831810623817e+20
[WARN] [1774609739.423063531] [trajectory_metrics_node]: Scarto camera odom non plausibile: x=-1.6204833968840926e-21, y=-1.3957831810623817e+20
[WARN] [1774609739.834336899] [trajectory_metrics_node]: Scarto camera odom non plausibile: x=-1.6204833968840926e-21, y=-1.3957831810623817e+20
[WARN] [1774609740.225970888] [trajectory_metrics_node]: Scarto camera odom non plausibile: x=-1.6204833968840926e-21, y=-1.3957831810623817e+20
[INFO] [1774609741.000633695] [trajectory_metrics_node]: Salvati:
  /home/isarlab/ros2_humble/metrics_output/scenario_01_units_fix_v2/accelerated_right/scenario_01_units_fix_v2_unicycle/unicycle_metrics_detail.csv
  /home/isarlab/ros2_humble/metrics_output/scenario_01_units_fix_v2/accelerated_right/scenario_01_units_fix_v2_unicycle/unicycle_metrics_summary.csv
  /home/isarlab/ros2_humble/metrics_output/scenario_01_units_fix_v2/accelerated_right/scenario_01_units_fix_v2_unicycle/unicycle_trajectory.png
  /home/isarlab/ros2_humble/metrics_output/scenario_01_units_fix_v2/accelerated_right/scenario_01_units_fix_v2_unicycle/unicycle_error.png
Failed to publish log message to rosout: publisher's context is invalid, at ./src/rcl/publisher.c:389
[INFO] [1774609741.001037318] [trajectory_metrics_node]: Summary unicycle: target_id=1, n=3, MAE_norm=0.093 m, RMSE_norm=0.115 m, final_error=0.160 m, max_error=0.160 m
Failed to publish log message to rosout: publisher's context is invalid, at ./src/rcl/publisher.c:389
Traceback (most recent call last):
  File "/home/isarlab/ros2_humble/install/trajectory_metrics/lib/python3.10/site-packages/trajectory_metrics/trajectory_metrics_node.py", line 712, in main
    rclpy.spin(node)
  File "/opt/ros/humble/local/lib/python3.10/dist-packages/rclpy/__init__.py", line 229, in spin
    executor.spin_once()
  File "/opt/ros/humble/local/lib/python3.10/dist-packages/rclpy/executors.py", line 751, in spin_once
    self._spin_once_impl(timeout_sec)
  File "/opt/ros/humble/local/lib/python3.10/dist-packages/rclpy/executors.py", line 740, in _spin_once_impl
    handler, entity, node = self.wait_for_ready_callbacks(timeout_sec=timeout_sec)
  File "/opt/ros/humble/local/lib/python3.10/dist-packages/rclpy/executors.py", line 723, in wait_for_ready_callbacks
    return next(self._cb_iter)
  File "/opt/ros/humble/local/lib/python3.10/dist-packages/rclpy/executors.py", line 620, in _wait_for_ready_callbacks
    wait_set.wait(timeout_nsec)
KeyboardInterrupt

During handling of the above exception, another exception occurred:

Traceback (most recent call last):
  File "/home/isarlab/ros2_humble/install/trajectory_metrics/lib/trajectory_metrics/trajectory_metrics_node", line 33, in <module>
    sys.exit(load_entry_point('trajectory-metrics==0.0.1', 'console_scripts', 'trajectory_metrics_node')())
  File "/home/isarlab/ros2_humble/install/trajectory_metrics/lib/python3.10/site-packages/trajectory_metrics/trajectory_metrics_node.py", line 719, in main
    rclpy.shutdown()
  File "/opt/ros/humble/local/lib/python3.10/dist-packages/rclpy/__init__.py", line 130, in shutdown
    _shutdown(context=context)
  File "/opt/ros/humble/local/lib/python3.10/dist-packages/rclpy/utilities.py", line 58, in shutdown
    return context.shutdown()
  File "/opt/ros/humble/local/lib/python3.10/dist-packages/rclpy/context.py", line 102, in shutdown
    self.__context.shutdown()
rclpy._rclpy_pybind11.RCLError: failed to shutdown: rcl_shutdown already called on the given context, at ./src/rcl/init.c:241
[ros2run]: Process exited with failure 1
