[INFO] [1774434774.447720446] [trajectory_metrics_node]: TrajectoryMetricsNode ready
  stage: fusion
  camera_gps_topic: /environment/GPS/GPSSDT/odom
  ambulance_gps_topic: /environment/GPS/GPSSDTAMBULANCE/odom
  estimation_topic: /yolo/detections_xyz
  target_track_id: 1
  output_dir: /home/isarlab/ros2_humble/metrics_output/scenario_01/sine_right/scenario_01_fusion
  max_abs_pose_m: 10000.0
  max_abs_estimate_m: 10000.0
  max_abs_error_m: 10000.0
[INFO] [1774434774.456130828] [trajectory_metrics_node]: GT inizializzata: first_gt_rel_cam = [79.692, 10.099]
[INFO] [1774434774.456625074] [trajectory_metrics_node]: Primo campione stima per target 1: [3.360, -0.814]
[WARN] [1774434777.051658818] [trajectory_metrics_node]: Scarto ambulance odom non plausibile: x=-4.673067172681345e+32, y=-5.316690461197274e+34
[WARN] [1774434778.293885282] [trajectory_metrics_node]: Scarto ambulance odom non plausibile: x=3.308722450212111e-24, y=-5.316609648471509e+34
[INFO] [1774434778.306714516] [trajectory_metrics_node]: Rotazione iniziale GT->stima fissata: 166.39 deg
[WARN] [1774434778.451605650] [trajectory_metrics_node]: Scarto ambulance odom non plausibile: x=3.308722450212111e-24, y=-5.316609648471509e+34
[WARN] [1774434790.328970100] [trajectory_metrics_node]: Scarto camera odom non plausibile: x=2.472180228081599e-26, y=5.453182729192263e+17
[WARN] [1774434790.409215696] [trajectory_metrics_node]: Scarto camera odom non plausibile: x=2.472180228081599e-26, y=5.453182729192263e+17
[WARN] [1774434795.011133739] [trajectory_metrics_node]: Scarto camera odom non plausibile: x=2.472180228081599e-26, y=5.453182729192263e+17
[INFO] [1774434802.801347467] [trajectory_metrics_node]: Salvati:
  /home/isarlab/ros2_humble/metrics_output/scenario_01/sine_right/scenario_01_fusion/fusion_metrics_detail.csv
  /home/isarlab/ros2_humble/metrics_output/scenario_01/sine_right/scenario_01_fusion/fusion_metrics_summary.csv
  /home/isarlab/ros2_humble/metrics_output/scenario_01/sine_right/scenario_01_fusion/fusion_trajectory.png
  /home/isarlab/ros2_humble/metrics_output/scenario_01/sine_right/scenario_01_fusion/fusion_error.png
Failed to publish log message to rosout: publisher's context is invalid, at ./src/rcl/publisher.c:389
[INFO] [1774434802.801727617] [trajectory_metrics_node]: Summary fusion: target_id=1, n=237, MAE_norm=20.941 m, RMSE_norm=22.375 m, final_error=28.284 m, max_error=28.284 m
Failed to publish log message to rosout: publisher's context is invalid, at ./src/rcl/publisher.c:389
Traceback (most recent call last):
  File "/home/isarlab/ros2_humble/build/trajectory_metrics/trajectory_metrics/trajectory_metrics_node.py", line 712, in main
    rclpy.spin(node)
  File "/opt/ros/humble/local/lib/python3.10/dist-packages/rclpy/__init__.py", line 229, in spin
    executor.spin_once()
  File "/opt/ros/humble/local/lib/python3.10/dist-packages/rclpy/executors.py", line 751, in spin_once
    self._spin_once_impl(timeout_sec)
  File "/opt/ros/humble/local/lib/python3.10/dist-packages/rclpy/executors.py", line 740, in _spin_once_impl
    handler, entity, node = self.wait_for_ready_callbacks(timeout_sec=timeout_sec)
  File "/opt/ros/humble/local/lib/python3.10/dist-packages/rclpy/executors.py", line 723, in wait_for_ready_callbacks
    return next(self._cb_iter)
  File "/opt/ros/humble/local/lib/python3.10/dist-packages/rclpy/executors.py", line 620, in _wait_for_ready_callbacks
    wait_set.wait(timeout_nsec)
KeyboardInterrupt

During handling of the above exception, another exception occurred:

Traceback (most recent call last):
  File "/home/isarlab/ros2_humble/install/trajectory_metrics/lib/trajectory_metrics/trajectory_metrics_node", line 33, in <module>
    sys.exit(load_entry_point('trajectory-metrics==0.0.1', 'console_scripts', 'trajectory_metrics_node')())
  File "/home/isarlab/ros2_humble/build/trajectory_metrics/trajectory_metrics/trajectory_metrics_node.py", line 719, in main
    rclpy.shutdown()
  File "/opt/ros/humble/local/lib/python3.10/dist-packages/rclpy/__init__.py", line 130, in shutdown
    _shutdown(context=context)
  File "/opt/ros/humble/local/lib/python3.10/dist-packages/rclpy/utilities.py", line 58, in shutdown
    return context.shutdown()
  File "/opt/ros/humble/local/lib/python3.10/dist-packages/rclpy/context.py", line 102, in shutdown
    self.__context.shutdown()
rclpy._rclpy_pybind11.RCLError: failed to shutdown: rcl_shutdown already called on the given context, at ./src/rcl/init.c:241
[ros2run]: Process exited with failure 1
