[INFO] [1774609451.230212893] [trajectory_metrics_node]: TrajectoryMetricsNode ready
  stage: unicycle
  camera_gps_topic: /environment/GPS/GPSSDT/odom
  ambulance_gps_topic: /environment/GPS/GPSSDTAMBULANCE/odom
  estimation_topic: /unicycle_kf/tracks
  target_track_id: 1
  output_dir: /home/isarlab/ros2_humble/metrics_output/scenario_01_units_fix_v2/straight_right/scenario_01_units_fix_v2_unicycle
  max_abs_pose_m: 10000.0
  max_abs_estimate_m: 10000.0
  max_abs_error_m: 10000.0
[INFO] [1774609451.348204614] [trajectory_metrics_node]: GT inizializzata: first_gt_rel_cam = [79.792, 10.100]
[WARN] [1774609451.422565201] [trajectory_metrics_node]: Scarto camera odom non plausibile: x=-1.6204833968840926e-21, y=-1.3957831810623817e+20
[INFO] [1774609451.746594419] [trajectory_metrics_node]: Primo campione stima per target 1: [3.933, -0.806]
[INFO] [1774609454.303945311] [trajectory_metrics_node]: Rotazione iniziale GT->stima fissata: -14.15 deg
[WARN] [1774609460.609324145] [trajectory_metrics_node]: Scarto camera odom non plausibile: x=-1.6204833968840926e-21, y=-1.3957831810623817e+20
[WARN] [1774609472.426736455] [trajectory_metrics_node]: Scarto ambulance odom non plausibile: x=-1.6449488007476387e+35, y=-1.8044418030322774e-40
[WARN] [1774609472.427694477] [trajectory_metrics_node]: Scarto camera odom non plausibile: x=-1.6204833968840926e-21, y=-1.3957831810623817e+20
[WARN] [1774609472.662896684] [trajectory_metrics_node]: Scarto ambulance odom non plausibile: x=-1.6449389130729569e+35, y=-1.8044418030322774e-40
[WARN] [1774609472.663734613] [trajectory_metrics_node]: Scarto camera odom non plausibile: x=-1.6204833968840926e-21, y=-1.3957831810623817e+20
[WARN] [1774609472.736892825] [trajectory_metrics_node]: Scarto ambulance odom non plausibile: x=-1.644933842470556e+35, y=-1.8044418030322774e-40
[WARN] [1774609472.737735787] [trajectory_metrics_node]: Scarto camera odom non plausibile: x=-1.6204833968840926e-21, y=-1.3957831810623817e+20
[WARN] [1774609472.831793893] [trajectory_metrics_node]: Scarto camera odom non plausibile: x=-1.6204833968840926e-21, y=-1.3957831810623817e+20
[WARN] [1774609473.134527749] [trajectory_metrics_node]: Scarto camera odom non plausibile: x=-1.6204833968840926e-21, y=-1.3957831810623817e+20
[WARN] [1774609473.333103572] [trajectory_metrics_node]: Scarto ambulance odom non plausibile: x=-1.6448871929284676e+35, y=-1.8044418030322774e-40
[WARN] [1774609473.333899947] [trajectory_metrics_node]: Scarto camera odom non plausibile: x=-1.6204833968840926e-21, y=-1.3957831810623817e+20
[WARN] [1774609473.736711770] [trajectory_metrics_node]: Scarto ambulance odom non plausibile: x=-1.6448466281092603e+35, y=-1.8044418030322774e-40
[WARN] [1774609473.738425560] [trajectory_metrics_node]: Scarto camera odom non plausibile: x=-1.6204833968840926e-21, y=-1.3957831810623817e+20
[WARN] [1774609473.829521403] [trajectory_metrics_node]: Scarto ambulance odom non plausibile: x=-1.6448364869044584e+35, y=-1.8044418030322774e-40
[WARN] [1774609473.830599521] [trajectory_metrics_node]: Scarto camera odom non plausibile: x=-1.6204833968840926e-21, y=-1.3957831810623817e+20
[WARN] [1774609474.532240919] [trajectory_metrics_node]: Scarto ambulance odom non plausibile: x=-1.6447654984708458e+35, y=-1.8044418030322774e-40
[WARN] [1774609474.533139960] [trajectory_metrics_node]: Scarto camera odom non plausibile: x=-1.6204833968840926e-21, y=-1.3957831810623817e+20
[WARN] [1774609474.830872016] [trajectory_metrics_node]: Scarto ambulance odom non plausibile: x=-1.6447350748564402e+35, y=-1.8044418030322774e-40
[WARN] [1774609474.831772178] [trajectory_metrics_node]: Scarto camera odom non plausibile: x=-1.6204833968840926e-21, y=-1.3957831810623817e+20
[WARN] [1774609474.928142368] [trajectory_metrics_node]: Scarto ambulance odom non plausibile: x=-1.6447249336516383e+35, y=-1.8044418030322774e-40
[WARN] [1774609474.930416888] [trajectory_metrics_node]: Scarto camera odom non plausibile: x=-1.6204833968840926e-21, y=-1.3957831810623817e+20
[WARN] [1774609475.227746001] [trajectory_metrics_node]: Scarto ambulance odom non plausibile: x=-1.644694510037233e+35, y=-1.8044418030322774e-40
[WARN] [1774609475.229272502] [trajectory_metrics_node]: Scarto camera odom non plausibile: x=-1.6204833968840926e-21, y=-1.3957831810623817e+20
[WARN] [1774609475.926453653] [trajectory_metrics_node]: Scarto ambulance odom non plausibile: x=-1.644694510037233e+35, y=-1.8044418030322774e-40
[WARN] [1774609475.927284608] [trajectory_metrics_node]: Scarto camera odom non plausibile: x=-1.6204833968840926e-21, y=-1.3957831810623817e+20
[WARN] [1774609476.131066071] [trajectory_metrics_node]: Scarto ambulance odom non plausibile: x=-1.644694510037233e+35, y=-1.8044418030322774e-40
[WARN] [1774609476.132797304] [trajectory_metrics_node]: Scarto camera odom non plausibile: x=-1.6204833968840926e-21, y=-1.3957831810623817e+20
[WARN] [1774609476.233650788] [trajectory_metrics_node]: Scarto ambulance odom non plausibile: x=-1.644694510037233e+35, y=-1.8044418030322774e-40
[WARN] [1774609476.235244872] [trajectory_metrics_node]: Scarto camera odom non plausibile: x=-1.6204833968840926e-21, y=-1.3957831810623817e+20
[WARN] [1774609476.841854576] [trajectory_metrics_node]: Scarto ambulance odom non plausibile: x=-1.644694510037233e+35, y=-1.8044418030322774e-40
[WARN] [1774609476.842778941] [trajectory_metrics_node]: Scarto camera odom non plausibile: x=-1.6204833968840926e-21, y=-1.3957831810623817e+20
[WARN] [1774609476.928807166] [trajectory_metrics_node]: Scarto ambulance odom non plausibile: x=-1.644694510037233e+35, y=-1.8044418030322774e-40
[WARN] [1774609476.930017619] [trajectory_metrics_node]: Scarto camera odom non plausibile: x=-1.6204833968840926e-21, y=-1.3957831810623817e+20
[WARN] [1774609477.151985704] [trajectory_metrics_node]: Scarto ambulance odom non plausibile: x=-1.644694510037233e+35, y=-1.8044418030322774e-40
[WARN] [1774609477.152871177] [trajectory_metrics_node]: Scarto camera odom non plausibile: x=-1.6204833968840926e-21, y=-1.3957831810623817e+20
[WARN] [1774609477.235952685] [trajectory_metrics_node]: Scarto ambulance odom non plausibile: x=-1.644694510037233e+35, y=-1.8044418030322774e-40
[WARN] [1774609477.236894175] [trajectory_metrics_node]: Scarto camera odom non plausibile: x=-1.6204833968840926e-21, y=-1.3957831810623817e+20
[WARN] [1774609478.029073737] [trajectory_metrics_node]: Scarto camera odom non plausibile: x=-1.6204833968840926e-21, y=-1.3957831810623817e+20
[WARN] [1774609478.134686222] [trajectory_metrics_node]: Scarto ambulance odom non plausibile: x=-1.644694510037233e+35, y=-1.8044418030322774e-40
[WARN] [1774609478.135529212] [trajectory_metrics_node]: Scarto camera odom non plausibile: x=-1.6204833968840926e-21, y=-1.3957831810623817e+20
[WARN] [1774609478.237704325] [trajectory_metrics_node]: Scarto ambulance odom non plausibile: x=-1.644694510037233e+35, y=-1.8044418030322774e-40
[WARN] [1774609478.238582920] [trajectory_metrics_node]: Scarto camera odom non plausibile: x=-1.6204833968840926e-21, y=-1.3957831810623817e+20
[WARN] [1774609478.830289193] [trajectory_metrics_node]: Scarto ambulance odom non plausibile: x=-1.644694510037233e+35, y=-1.8044418030322774e-40
[WARN] [1774609478.831142071] [trajectory_metrics_node]: Scarto camera odom non plausibile: x=-1.6204833968840926e-21, y=-1.3957831810623817e+20
[WARN] [1774609479.031683986] [trajectory_metrics_node]: Scarto ambulance odom non plausibile: x=-1.644694510037233e+35, y=-1.8044418030322774e-40
[WARN] [1774609479.033704591] [trajectory_metrics_node]: Scarto camera odom non plausibile: x=-1.6204833968840926e-21, y=-1.3957831810623817e+20
[WARN] [1774609479.129431951] [trajectory_metrics_node]: Scarto ambulance odom non plausibile: x=-1.644694510037233e+35, y=-1.8044418030322774e-40
[WARN] [1774609479.130437546] [trajectory_metrics_node]: Scarto camera odom non plausibile: x=-1.6204833968840926e-21, y=-1.3957831810623817e+20
[INFO] [1774609479.738856227] [trajectory_metrics_node]: Salvati:
  /home/isarlab/ros2_humble/metrics_output/scenario_01_units_fix_v2/straight_right/scenario_01_units_fix_v2_unicycle/unicycle_metrics_detail.csv
  /home/isarlab/ros2_humble/metrics_output/scenario_01_units_fix_v2/straight_right/scenario_01_units_fix_v2_unicycle/unicycle_metrics_summary.csv
  /home/isarlab/ros2_humble/metrics_output/scenario_01_units_fix_v2/straight_right/scenario_01_units_fix_v2_unicycle/unicycle_trajectory.png
  /home/isarlab/ros2_humble/metrics_output/scenario_01_units_fix_v2/straight_right/scenario_01_units_fix_v2_unicycle/unicycle_error.png
Failed to publish log message to rosout: publisher's context is invalid, at ./src/rcl/publisher.c:389
[INFO] [1774609479.739239726] [trajectory_metrics_node]: Summary unicycle: target_id=1, n=8, MAE_norm=7.515 m, RMSE_norm=10.126 m, final_error=8.294 m, max_error=19.895 m
Failed to publish log message to rosout: publisher's context is invalid, at ./src/rcl/publisher.c:389
Traceback (most recent call last):
  File "/home/isarlab/ros2_humble/install/trajectory_metrics/lib/python3.10/site-packages/trajectory_metrics/trajectory_metrics_node.py", line 712, in main
    rclpy.spin(node)
  File "/opt/ros/humble/local/lib/python3.10/dist-packages/rclpy/__init__.py", line 229, in spin
    executor.spin_once()
  File "/opt/ros/humble/local/lib/python3.10/dist-packages/rclpy/executors.py", line 751, in spin_once
    self._spin_once_impl(timeout_sec)
  File "/opt/ros/humble/local/lib/python3.10/dist-packages/rclpy/executors.py", line 740, in _spin_once_impl
    handler, entity, node = self.wait_for_ready_callbacks(timeout_sec=timeout_sec)
  File "/opt/ros/humble/local/lib/python3.10/dist-packages/rclpy/executors.py", line 723, in wait_for_ready_callbacks
    return next(self._cb_iter)
  File "/opt/ros/humble/local/lib/python3.10/dist-packages/rclpy/executors.py", line 620, in _wait_for_ready_callbacks
    wait_set.wait(timeout_nsec)
KeyboardInterrupt

During handling of the above exception, another exception occurred:

Traceback (most recent call last):
  File "/home/isarlab/ros2_humble/install/trajectory_metrics/lib/trajectory_metrics/trajectory_metrics_node", line 33, in <module>
    sys.exit(load_entry_point('trajectory-metrics==0.0.1', 'console_scripts', 'trajectory_metrics_node')())
  File "/home/isarlab/ros2_humble/install/trajectory_metrics/lib/python3.10/site-packages/trajectory_metrics/trajectory_metrics_node.py", line 719, in main
    rclpy.shutdown()
  File "/opt/ros/humble/local/lib/python3.10/dist-packages/rclpy/__init__.py", line 130, in shutdown
    _shutdown(context=context)
  File "/opt/ros/humble/local/lib/python3.10/dist-packages/rclpy/utilities.py", line 58, in shutdown
    return context.shutdown()
  File "/opt/ros/humble/local/lib/python3.10/dist-packages/rclpy/context.py", line 102, in shutdown
    self.__context.shutdown()
rclpy._rclpy_pybind11.RCLError: failed to shutdown: rcl_shutdown already called on the given context, at ./src/rcl/init.c:241
[ros2run]: Process exited with failure 1
