[INFO] [1774349269.610608508] [trajectory_metrics_node]: TrajectoryMetricsNode ready
  stage: ackermann
  camera_gps_topic: /environment/GPS/GPSSDT/odom
  ambulance_gps_topic: /environment/GPS/GPSSDTAMBULANCE/odom
  estimation_topic: /ackermann_kf/tracks
  target_track_id: -1
  output_dir: /home/isarlab/ros2_humble/metrics_output/scenario_01/straight_right/scenario_01_ackermann
[INFO] [1774349269.723964452] [trajectory_metrics_node]: GT inizializzata: first_gt_rel_cam = [79.692, 10.100]
[INFO] [1774349269.724869018] [trajectory_metrics_node]: Target selezionato automaticamente: track_id=1
[INFO] [1774349269.725642066] [trajectory_metrics_node]: Primo campione stima per target 1: [3.943, -0.817]
[INFO] [1774349272.570030618] [trajectory_metrics_node]: Rotazione iniziale GT->stima fissata: -133.87 deg
[INFO] [1774349297.903699366] [trajectory_metrics_node]: Salvati:
  /home/isarlab/ros2_humble/metrics_output/scenario_01/straight_right/scenario_01_ackermann/ackermann_metrics_detail.csv
  /home/isarlab/ros2_humble/metrics_output/scenario_01/straight_right/scenario_01_ackermann/ackermann_metrics_summary.csv
  /home/isarlab/ros2_humble/metrics_output/scenario_01/straight_right/scenario_01_ackermann/ackermann_trajectory.png
  /home/isarlab/ros2_humble/metrics_output/scenario_01/straight_right/scenario_01_ackermann/ackermann_error.png
Failed to publish log message to rosout: publisher's context is invalid, at ./src/rcl/publisher.c:389
[INFO] [1774349297.904096951] [trajectory_metrics_node]: Summary ackermann: target_id=1, n=78, MAE_norm=13.113 m, RMSE_norm=15.177 m, final_error=4.985 m, max_error=19.989 m
Failed to publish log message to rosout: publisher's context is invalid, at ./src/rcl/publisher.c:389
Traceback (most recent call last):
  File "/home/isarlab/ros2_humble/build/trajectory_metrics/trajectory_metrics/trajectory_metrics_node.py", line 562, in main
    rclpy.spin(node)
  File "/opt/ros/humble/local/lib/python3.10/dist-packages/rclpy/__init__.py", line 229, in spin
    executor.spin_once()
  File "/opt/ros/humble/local/lib/python3.10/dist-packages/rclpy/executors.py", line 751, in spin_once
    self._spin_once_impl(timeout_sec)
  File "/opt/ros/humble/local/lib/python3.10/dist-packages/rclpy/executors.py", line 740, in _spin_once_impl
    handler, entity, node = self.wait_for_ready_callbacks(timeout_sec=timeout_sec)
  File "/opt/ros/humble/local/lib/python3.10/dist-packages/rclpy/executors.py", line 723, in wait_for_ready_callbacks
    return next(self._cb_iter)
  File "/opt/ros/humble/local/lib/python3.10/dist-packages/rclpy/executors.py", line 620, in _wait_for_ready_callbacks
    wait_set.wait(timeout_nsec)
KeyboardInterrupt

During handling of the above exception, another exception occurred:

Traceback (most recent call last):
  File "/home/isarlab/ros2_humble/install/trajectory_metrics/lib/trajectory_metrics/trajectory_metrics_node", line 33, in <module>
    sys.exit(load_entry_point('trajectory-metrics', 'console_scripts', 'trajectory_metrics_node')())
  File "/home/isarlab/ros2_humble/build/trajectory_metrics/trajectory_metrics/trajectory_metrics_node.py", line 569, in main
    rclpy.shutdown()
  File "/opt/ros/humble/local/lib/python3.10/dist-packages/rclpy/__init__.py", line 130, in shutdown
    _shutdown(context=context)
  File "/opt/ros/humble/local/lib/python3.10/dist-packages/rclpy/utilities.py", line 58, in shutdown
    return context.shutdown()
  File "/opt/ros/humble/local/lib/python3.10/dist-packages/rclpy/context.py", line 102, in shutdown
    self.__context.shutdown()
rclpy._rclpy_pybind11.RCLError: failed to shutdown: rcl_shutdown already called on the given context, at ./src/rcl/init.c:241
[ros2run]: Process exited with failure 1
