[INFO] [launch]: All log files can be found below /home/isarlab/.ros/log/2026-03-25-11-34-09-795679-DESKTOP-PQ37J3S-33385
[INFO] [launch]: Default logging verbosity is set to INFO
[INFO] [launch.user]: [experiments] Stage selezionato: ackermann
[INFO] [yolo_detector-1]: process started with pid [33413]
[INFO] [depth_yolo_fusion-2]: process started with pid [33415]
[INFO] [ackermann_kf_tracker-3]: process started with pid [33417]
[ackermann_kf_tracker-3] [INFO] [1774434850.275219060] [ackermann_kf_tracker]: AckermannKFTrackerNode ready
[ackermann_kf_tracker-3]   input_topic: yolo/detections_xyz
[ackermann_kf_tracker-3]   output_topic: ackermann_kf/tracks
[ackermann_kf_tracker-3]   image_width_px: 1280
[ackermann_kf_tracker-3]   horizontal_fov_deg: 90.0
[ackermann_kf_tracker-3]   vehicle_width_m: 3.0
[ackermann_kf_tracker-3]   lf_m: 0.75
[ackermann_kf_tracker-3]   lr_m: 0.75
[ackermann_kf_tracker-3]   wheelbase_m: 1.5
[ackermann_kf_tracker-3]   max_steer_deg: 35.0
[ackermann_kf_tracker-3]   focal_px: 640.00
[depth_yolo_fusion-2] [INFO] [1774434850.869295895] [depth_yolo_fusion_node]: Depth scale: 1.0 [m/unità]
[depth_yolo_fusion-2] [INFO] [1774434850.869826580] [depth_yolo_fusion_node]: Depth topic: /environment/DepthCamera/DepthCameraSDT/image_raw
[depth_yolo_fusion-2] [INFO] [1774434850.870151382] [depth_yolo_fusion_node]: Detections topic: yolo/detections
[yolo_detector-1] [INFO] [1774434854.867365186] [YoloDetector]: YOLO tracking: ON (track=True)
[yolo_detector-1] [INFO] [1774434854.868811832] [YoloDetector]: YoloDetectorNode inizializzato con:
[yolo_detector-1]   input_topic: /environment/RGBCamera/CameraSDT/image_raw
[yolo_detector-1]   output_image_topic: yolo/annotated_image
[yolo_detector-1]   output_detections_topic: yolo/detections
[yolo_detector-1]   model_path: /home/isarlab/ros2_humble/install/yolo_detector/share/yolo_detector/models/yolov8n.pt
[yolo_detector-1]   conf_threshold=0.25 | iou_threshold=0.45 | class_filter=[]
[yolo_detector-1]   tracker_cfg: (default YOLO)
[yolo_detector-1] [INFO] [1774434854.917368925] [YoloDetector]: Loaded Ultralytics YOLO from /home/isarlab/ros2_humble/install/yolo_detector/share/yolo_detector/models/yolov8n.pt
[WARNING] [launch]: user interrupted with ctrl-c (SIGINT)
[depth_yolo_fusion-2] Traceback (most recent call last):
[depth_yolo_fusion-2]   File "/home/isarlab/ros2_humble/install/depth_yolo_fusion/lib/depth_yolo_fusion/depth_yolo_fusion", line 33, in <module>
[depth_yolo_fusion-2]     sys.exit(load_entry_point('depth-yolo-fusion==0.0.1', 'console_scripts', 'depth_yolo_fusion')())
[depth_yolo_fusion-2]   File "/home/isarlab/ros2_humble/install/depth_yolo_fusion/lib/python3.10/site-packages/depth_yolo_fusion/depth_yolo_fusion_node.py", line 277, in main
[depth_yolo_fusion-2]     rclpy.spin(node)
[depth_yolo_fusion-2]   File "/opt/ros/humble/local/lib/python3.10/dist-packages/rclpy/__init__.py", line 229, in spin
[depth_yolo_fusion-2]     executor.spin_once()
[depth_yolo_fusion-2]   File "/opt/ros/humble/local/lib/python3.10/dist-packages/rclpy/executors.py", line 751, in spin_once
[depth_yolo_fusion-2]     self._spin_once_impl(timeout_sec)
[depth_yolo_fusion-2]   File "/opt/ros/humble/local/lib/python3.10/dist-packages/rclpy/executors.py", line 740, in _spin_once_impl
[depth_yolo_fusion-2]     handler, entity, node = self.wait_for_ready_callbacks(timeout_sec=timeout_sec)
[depth_yolo_fusion-2]   File "/opt/ros/humble/local/lib/python3.10/dist-packages/rclpy/executors.py", line 723, in wait_for_ready_callbacks
[depth_yolo_fusion-2]     return next(self._cb_iter)
[depth_yolo_fusion-2]   File "/opt/ros/humble/local/lib/python3.10/dist-packages/rclpy/executors.py", line 620, in _wait_for_ready_callbacks
[depth_yolo_fusion-2]     wait_set.wait(timeout_nsec)
[depth_yolo_fusion-2] KeyboardInterrupt
[yolo_detector-1] Traceback (most recent call last):
[yolo_detector-1]   File "/home/isarlab/ros2_humble/install/yolo_detector/lib/python3.10/site-packages/yolo_detector/yolo_detector_node.py", line 295, in main
[yolo_detector-1]     rclpy.spin(node)
[yolo_detector-1]   File "/opt/ros/humble/local/lib/python3.10/dist-packages/rclpy/__init__.py", line 229, in spin
[yolo_detector-1]     executor.spin_once()
[yolo_detector-1]   File "/opt/ros/humble/local/lib/python3.10/dist-packages/rclpy/executors.py", line 751, in spin_once
[yolo_detector-1]     self._spin_once_impl(timeout_sec)
[yolo_detector-1]   File "/opt/ros/humble/local/lib/python3.10/dist-packages/rclpy/executors.py", line 746, in _spin_once_impl
[yolo_detector-1]     handler()
[yolo_detector-1]   File "/opt/ros/humble/local/lib/python3.10/dist-packages/rclpy/task.py", line 254, in __call__
[yolo_detector-1]     self._handler.send(None)
[yolo_detector-1]   File "/opt/ros/humble/local/lib/python3.10/dist-packages/rclpy/executors.py", line 447, in handler
[yolo_detector-1]     await call_coroutine(entity, arg)
[yolo_detector-1]   File "/opt/ros/humble/local/lib/python3.10/dist-packages/rclpy/executors.py", line 372, in _execute_subscription
[yolo_detector-1]     await await_or_execute(sub.callback, msg)
[yolo_detector-1]   File "/opt/ros/humble/local/lib/python3.10/dist-packages/rclpy/executors.py", line 107, in await_or_execute
[yolo_detector-1]     return callback(*args)
[yolo_detector-1]   File "/home/isarlab/ros2_humble/install/yolo_detector/lib/python3.10/site-packages/yolo_detector/yolo_detector_node.py", line 141, in image_callback
[yolo_detector-1]     dets, annotated = self._infer_ultralytics_track(frame)
[yolo_detector-1]   File "/home/isarlab/ros2_humble/install/yolo_detector/lib/python3.10/site-packages/yolo_detector/yolo_detector_node.py", line 231, in _infer_ultralytics_track
[yolo_detector-1]     results = self.model.track(**track_args)
[yolo_detector-1]   File "/home/isarlab/.local/lib/python3.10/site-packages/ultralytics/engine/model.py", line 601, in track
[yolo_detector-1]     return self.predict(source=source, stream=stream, **kwargs)
[yolo_detector-1]   File "/home/isarlab/.local/lib/python3.10/site-packages/ultralytics/engine/model.py", line 557, in predict
[yolo_detector-1]     return self.predictor.predict_cli(source=source) if is_cli else self.predictor(source=source, stream=stream)
[yolo_detector-1]   File "/home/isarlab/.local/lib/python3.10/site-packages/ultralytics/engine/predictor.py", line 230, in __call__
[yolo_detector-1]     return list(self.stream_inference(source, model, *args, **kwargs))  # merge list of Result into one
[yolo_detector-1]   File "/home/isarlab/.local/lib/python3.10/site-packages/torch/utils/_contextlib.py", line 38, in generator_context
[yolo_detector-1]     response = gen.send(None)
[yolo_detector-1]   File "/home/isarlab/.local/lib/python3.10/site-packages/ultralytics/engine/predictor.py", line 336, in stream_inference
[yolo_detector-1]     with profilers[1]:
[yolo_detector-1]   File "/home/isarlab/.local/lib/python3.10/site-packages/ultralytics/utils/ops.py", line 61, in __exit__
[yolo_detector-1]     self.dt = self.time() - self.start  # delta-time
[yolo_detector-1]   File "/home/isarlab/.local/lib/python3.10/site-packages/ultralytics/utils/ops.py", line 71, in time
[yolo_detector-1]     torch.cuda.synchronize(self.device)
[yolo_detector-1]   File "/home/isarlab/.local/lib/python3.10/site-packages/torch/cuda/__init__.py", line 1083, in synchronize
[yolo_detector-1]     return torch._C._cuda_synchronize()
[yolo_detector-1] KeyboardInterrupt
[yolo_detector-1] 
[yolo_detector-1] During handling of the above exception, another exception occurred:
[yolo_detector-1] 
[yolo_detector-1] Traceback (most recent call last):
[yolo_detector-1]   File "/home/isarlab/ros2_humble/install/yolo_detector/lib/yolo_detector/yolo_detector", line 33, in <module>
[yolo_detector-1]     sys.exit(load_entry_point('yolo-detector==0.0.1', 'console_scripts', 'yolo_detector')())
[yolo_detector-1]   File "/home/isarlab/ros2_humble/install/yolo_detector/lib/python3.10/site-packages/yolo_detector/yolo_detector_node.py", line 298, in main
[yolo_detector-1]     rclpy.shutdown()
[yolo_detector-1]   File "/opt/ros/humble/local/lib/python3.10/dist-packages/rclpy/__init__.py", line 130, in shutdown
[yolo_detector-1]     _shutdown(context=context)
[yolo_detector-1]   File "/opt/ros/humble/local/lib/python3.10/dist-packages/rclpy/utilities.py", line 58, in shutdown
[yolo_detector-1]     return context.shutdown()
[yolo_detector-1]   File "/opt/ros/humble/local/lib/python3.10/dist-packages/rclpy/context.py", line 102, in shutdown
[yolo_detector-1]     self.__context.shutdown()
[yolo_detector-1] rclpy._rclpy_pybind11.RCLError: failed to shutdown: rcl_shutdown already called on the given context, at ./src/rcl/init.c:241
[ackermann_kf_tracker-3] Traceback (most recent call last):
[ackermann_kf_tracker-3]   File "/home/isarlab/ros2_humble/install/ackermann_kf_tracker/lib/python3.10/site-packages/ackermann_kf_tracker/ackermann_kf_tracker_node.py", line 574, in main
[ackermann_kf_tracker-3]     rclpy.spin(node)
[ackermann_kf_tracker-3]   File "/opt/ros/humble/local/lib/python3.10/dist-packages/rclpy/__init__.py", line 229, in spin
[ackermann_kf_tracker-3]     executor.spin_once()
[ackermann_kf_tracker-3]   File "/opt/ros/humble/local/lib/python3.10/dist-packages/rclpy/executors.py", line 751, in spin_once
[ackermann_kf_tracker-3]     self._spin_once_impl(timeout_sec)
[ackermann_kf_tracker-3]   File "/opt/ros/humble/local/lib/python3.10/dist-packages/rclpy/executors.py", line 740, in _spin_once_impl
[ackermann_kf_tracker-3]     handler, entity, node = self.wait_for_ready_callbacks(timeout_sec=timeout_sec)
[ackermann_kf_tracker-3]   File "/opt/ros/humble/local/lib/python3.10/dist-packages/rclpy/executors.py", line 723, in wait_for_ready_callbacks
[ackermann_kf_tracker-3]     return next(self._cb_iter)
[ackermann_kf_tracker-3]   File "/opt/ros/humble/local/lib/python3.10/dist-packages/rclpy/executors.py", line 620, in _wait_for_ready_callbacks
[ackermann_kf_tracker-3]     wait_set.wait(timeout_nsec)
[ackermann_kf_tracker-3] KeyboardInterrupt
[ackermann_kf_tracker-3] 
[ackermann_kf_tracker-3] During handling of the above exception, another exception occurred:
[ackermann_kf_tracker-3] 
[ackermann_kf_tracker-3] Traceback (most recent call last):
[ackermann_kf_tracker-3]   File "/home/isarlab/ros2_humble/install/ackermann_kf_tracker/lib/ackermann_kf_tracker/ackermann_kf_tracker", line 33, in <module>
[ackermann_kf_tracker-3]     sys.exit(load_entry_point('ackermann-kf-tracker==0.0.1', 'console_scripts', 'ackermann_kf_tracker')())
[ackermann_kf_tracker-3]   File "/home/isarlab/ros2_humble/install/ackermann_kf_tracker/lib/python3.10/site-packages/ackermann_kf_tracker/ackermann_kf_tracker_node.py", line 577, in main
[ackermann_kf_tracker-3]     rclpy.shutdown()
[ackermann_kf_tracker-3]   File "/opt/ros/humble/local/lib/python3.10/dist-packages/rclpy/__init__.py", line 130, in shutdown
[ackermann_kf_tracker-3]     _shutdown(context=context)
[ackermann_kf_tracker-3]   File "/opt/ros/humble/local/lib/python3.10/dist-packages/rclpy/utilities.py", line 58, in shutdown
[ackermann_kf_tracker-3]     return context.shutdown()
[ackermann_kf_tracker-3]   File "/opt/ros/humble/local/lib/python3.10/dist-packages/rclpy/context.py", line 102, in shutdown
[ackermann_kf_tracker-3]     self.__context.shutdown()
[ackermann_kf_tracker-3] rclpy._rclpy_pybind11.RCLError: failed to shutdown: rcl_shutdown already called on the given context, at ./src/rcl/init.c:241
[ERROR] [depth_yolo_fusion-2]: process has died [pid 33415, exit code -2, cmd '/home/isarlab/ros2_humble/install/depth_yolo_fusion/lib/depth_yolo_fusion/depth_yolo_fusion --ros-args -r __node:=depth_yolo_fusion_node --params-file /home/isarlab/ros2_humble/install/depth_yolo_fusion/share/depth_yolo_fusion/config/depth_yolo_fusion.yaml'].
[ERROR] [ackermann_kf_tracker-3]: process has died [pid 33417, exit code 1, cmd '/home/isarlab/ros2_humble/install/ackermann_kf_tracker/lib/ackermann_kf_tracker/ackermann_kf_tracker --ros-args -r __node:=ackermann_kf_tracker --params-file /home/isarlab/ros2_humble/install/ackermann_kf_tracker/share/ackermann_kf_tracker/config/ackermann_kf_tracker.yaml'].
[ERROR] [yolo_detector-1]: process has died [pid 33413, exit code 1, cmd '/home/isarlab/ros2_humble/install/yolo_detector/lib/yolo_detector/yolo_detector --ros-args -r __node:=YoloDetector --params-file /tmp/launch_params_7k47fkxn'].
